[35m[1mScanning dependencies of target test_coll[0m
[35m[1mScanning dependencies of target main[0m
[ 25%] [32mBuilding CXX object CMakeFiles/test_coll.dir/src/test_coll.cpp.o[0m
[ 50%] [32mBuilding CXX object CMakeFiles/main.dir/src/main.cpp.o[0m
In file included from [01m[K/workspace/ros_ws/src/pct/src/test_coll.cpp:13:0[m[K:
[01m[K/workspace/ros_ws/src/robot_utilities/include/robot_utilities/world_manager.hpp:15:21:[m[K [01;31m[Kfatal error: [m[Kfcl/fcl.h: No such file or directory
compilation terminated.
CMakeFiles/test_coll.dir/build.make:62: recipe for target 'CMakeFiles/test_coll.dir/src/test_coll.cpp.o' failed
make[2]: *** [CMakeFiles/test_coll.dir/src/test_coll.cpp.o] Error 1
CMakeFiles/Makefile2:360: recipe for target 'CMakeFiles/test_coll.dir/all' failed
make[1]: *** [CMakeFiles/test_coll.dir/all] Error 2
make[1]: *** Waiting for unfinished jobs....
In file included from [01m[K/workspace/ros_ws/src/pct/src/main.cpp:26:0[m[K:
[01m[K/workspace/ros_ws/src/robot_utilities/include/robot_utilities/world_manager.hpp:15:21:[m[K [01;31m[Kfatal error: [m[Kfcl/fcl.h: No such file or directory
compilation terminated.
CMakeFiles/main.dir/build.make:62: recipe for target 'CMakeFiles/main.dir/src/main.cpp.o' failed
make[2]: *** [CMakeFiles/main.dir/src/main.cpp.o] Error 1
CMakeFiles/Makefile2:99: recipe for target 'CMakeFiles/main.dir/all' failed
make[1]: *** [CMakeFiles/main.dir/all] Error 2
Makefile:138: recipe for target 'all' failed
make: *** [all] Error 2
